<?xml version="1.0" encoding="UTF-8"?>
<!-- Generated by org.testng.reporters.JUnitXMLReporter -->
<testsuite ignored="2" hostname="LAPTOP-MKCCBE6B" failures="0" tests="2" name="GroupsDemo" time="0.076" errors="0" timestamp="2020-01-10T19:45:38 CST">
  <testcase classname="com.dxcTesting.practiceSelenium.TestNGTestGrouping" name="HONDACBR" time="0.006"/>
  <testcase classname="com.dxcTesting.practiceSelenium.TestNGTestGrouping" name="NINJA" time="0.001"/>
  <testcase classname="com.dxcTesting.practiceSelenium.TestNGTestGrouping" name="AUDIA6" time="0.0">
    <ignored/>
  </testcase> <!-- AUDIA6 -->
  <testcase classname="com.dxcTesting.practiceSelenium.TestNGTestGrouping" name="AUDIQ5" time="0.0">
    <ignored/>
  </testcase> <!-- AUDIQ5 -->
</testsuite> <!-- GroupsDemo -->
