<?xml version="1.0" encoding="UTF-8"?>
<!-- Generated by org.testng.reporters.JUnitXMLReporter -->
<testsuite ignored="0" hostname="LAPTOP-MKCCBE6B" failures="0" tests="2" name="Default test" time="0.068" errors="0" timestamp="2020-01-10T19:25:26 CST">
  <testcase classname="com.dxcTesting.practiceSelenium.TestNGAnnotations1" name="testCase1" time="0.005"/>
  <testcase classname="com.dxcTesting.practiceSelenium.TestNGAnnotations1" name="testCase2" time="0.003"/>
</testsuite> <!-- Default test -->
