<?xml version="1.0" encoding="UTF-8"?>
<!-- Generated by org.testng.reporters.JUnitXMLReporter -->
<testsuite ignored="4" hostname="LAPTOP-MKCCBE6B" failures="0" tests="12" name="Command line test" time="28.751" errors="0" timestamp="11 Jan 2020 01:46:56 GMT">
  <testcase classname="com.dxcTesting.practiceSelenium.TestCase_Google" name="f" time="17.888"/>
  <testcase classname="com.dxcTesting.practiceSelenium.TestNGAnnotations1" name="testCase1" time="0.001"/>
  <testcase classname="com.dxcTesting.practiceSelenium.TestNGAnnotations1" name="testCase2" time="0.0"/>
  <testcase classname="com.dxcTesting.practiceSelenium.TestNGAnnotations2" name="testCase1" time="0.0"/>
  <testcase classname="com.dxcTesting.practiceSelenium.TestNGAnnotations2" name="testCase2" time="0.001"/>
  <testcase classname="com.dxcTesting.practiceSelenium.TestNGTestGrouping" name="AUDIA6" time="0.001"/>
  <testcase classname="com.dxcTesting.practiceSelenium.TestNGTestGrouping" name="AUDIQ5" time="0.001"/>
  <testcase classname="com.dxcTesting.practiceSelenium.TestNGTestGrouping" name="HONDACBR" time="0.001"/>
  <testcase classname="com.dxcTesting.practiceSelenium.TestNGTestGrouping" name="NINJA" time="0.001"/>
  <testcase classname="com.dxcTesting.practiceSelenium.TestNG_DataProviders" name="testDP" time="0.0"/>
  <testcase classname="com.dxcTesting.practiceSelenium.TestNG_DataProviders" name="testDP" time="0.001"/>
  <testcase classname="com.dxcTesting.practiceSelenium.TestNG_DataProviders" name="testDP" time="0.001"/>
  <testcase classname="com.dxcTesting.practiceSelenium.baseTestSuite" name="@AfterSuite afterSuite" time="0.0">
    <ignored/>
  </testcase> <!-- @AfterSuite afterSuite -->
  <testcase classname="com.dxcTesting.practiceSelenium.baseTestSuite" name="@BeforeTest beforeTest" time="0.0">
    <ignored/>
  </testcase> <!-- @BeforeTest beforeTest -->
  <testcase classname="com.dxcTesting.practiceSelenium.baseTestSuite" name="@AfterTest afterTest" time="0.0">
    <ignored/>
  </testcase> <!-- @AfterTest afterTest -->
  <testcase classname="com.dxcTesting.practiceSelenium.baseTestSuite" name="@BeforeSuite beforeSuite" time="0.0">
    <ignored/>
  </testcase> <!-- @BeforeSuite beforeSuite -->
</testsuite> <!-- Command line test -->
