<?xml version="1.0" encoding="UTF-8"?>
<!-- Generated by org.testng.reporters.JUnitXMLReporter -->
<testsuite ignored="4" hostname="LAPTOP-MKCCBE6B" failures="0" tests="4" name="Build2 Regression" time="0.051" errors="0" timestamp="2020-01-10T19:38:12 CST">
  <testcase classname="com.dxcTesting.practiceSelenium.TestNGAnnotations1" name="testCase1" time="0.001"/>
  <testcase classname="com.dxcTesting.practiceSelenium.TestNGAnnotations1" name="testCase2" time="0.006"/>
  <testcase classname="com.dxcTesting.practiceSelenium.TestNGAnnotations2" name="testCase1" time="0.002"/>
  <testcase classname="com.dxcTesting.practiceSelenium.TestNGAnnotations2" name="testCase2" time="0.009"/>
  <testcase classname="com.dxcTesting.practiceSelenium.baseTestSuite" name="@AfterSuite afterSuite" time="0.0">
    <ignored/>
  </testcase> <!-- @AfterSuite afterSuite -->
  <testcase classname="com.dxcTesting.practiceSelenium.baseTestSuite" name="@BeforeTest beforeTest" time="0.0">
    <ignored/>
  </testcase> <!-- @BeforeTest beforeTest -->
  <testcase classname="com.dxcTesting.practiceSelenium.baseTestSuite" name="@AfterTest afterTest" time="0.0">
    <ignored/>
  </testcase> <!-- @AfterTest afterTest -->
  <testcase classname="com.dxcTesting.practiceSelenium.baseTestSuite" name="@BeforeSuite beforeSuite" time="0.0">
    <ignored/>
  </testcase> <!-- @BeforeSuite beforeSuite -->
</testsuite> <!-- Build2 Regression -->
