<?xml version="1.0" encoding="UTF-8"?>
<testng-results ignored="4" total="16" passed="12" failed="0" skipped="0">
  <reporter-output>
  </reporter-output>
  <suite started-at="2020-01-11T01:46:27Z" name="Command line suite" finished-at="2020-01-11T01:46:56Z" duration-ms="28751">
    <groups>
      <group name="cars">
        <method signature="TestNGTestGrouping.AUDIA6()[pri:0, instance:com.dxcTesting.practiceSelenium.TestNGTestGrouping@782663d3]" name="AUDIA6" class="com.dxcTesting.practiceSelenium.TestNGTestGrouping"/>
        <method signature="TestNGTestGrouping.AUDIQ5()[pri:0, instance:com.dxcTesting.practiceSelenium.TestNGTestGrouping@782663d3]" name="AUDIQ5" class="com.dxcTesting.practiceSelenium.TestNGTestGrouping"/>
      </group> <!-- cars -->
      <group name="suv">
        <method signature="TestNGTestGrouping.AUDIQ5()[pri:0, instance:com.dxcTesting.practiceSelenium.TestNGTestGrouping@782663d3]" name="AUDIQ5" class="com.dxcTesting.practiceSelenium.TestNGTestGrouping"/>
      </group> <!-- suv -->
      <group name="sedan">
        <method signature="TestNGTestGrouping.AUDIA6()[pri:0, instance:com.dxcTesting.practiceSelenium.TestNGTestGrouping@782663d3]" name="AUDIA6" class="com.dxcTesting.practiceSelenium.TestNGTestGrouping"/>
      </group> <!-- sedan -->
      <group name="bike">
        <method signature="TestNGTestGrouping.HONDACBR()[pri:0, instance:com.dxcTesting.practiceSelenium.TestNGTestGrouping@782663d3]" name="HONDACBR" class="com.dxcTesting.practiceSelenium.TestNGTestGrouping"/>
        <method signature="TestNGTestGrouping.NINJA()[pri:0, instance:com.dxcTesting.practiceSelenium.TestNGTestGrouping@782663d3]" name="NINJA" class="com.dxcTesting.practiceSelenium.TestNGTestGrouping"/>
      </group> <!-- bike -->
    </groups>
    <test started-at="2020-01-11T01:46:27Z" name="Command line test" finished-at="2020-01-11T01:46:56Z" duration-ms="28751">
      <class name="com.dxcTesting.practiceSelenium.TestCase_Google">
        <test-method is-config="true" signature="beforeClass()[pri:0, instance:com.dxcTesting.practiceSelenium.TestCase_Google@4fb64261]" started-at="2020-01-11T01:46:27Z" name="beforeClass" finished-at="2020-01-11T01:46:37Z" duration-ms="10037" status="PASS">
          <reporter-output>
          </reporter-output>
        </test-method> <!-- beforeClass -->
        <test-method signature="f()[pri:0, instance:com.dxcTesting.practiceSelenium.TestCase_Google@4fb64261]" started-at="2020-01-11T01:46:37Z" name="f" finished-at="2020-01-11T01:46:55Z" duration-ms="17888" status="PASS">
          <reporter-output>
          </reporter-output>
        </test-method> <!-- f -->
        <test-method is-config="true" signature="afterClass()[pri:0, instance:com.dxcTesting.practiceSelenium.TestCase_Google@4fb64261]" started-at="2020-01-11T01:46:55Z" name="afterClass" finished-at="2020-01-11T01:46:56Z" duration-ms="758" status="PASS">
          <reporter-output>
          </reporter-output>
        </test-method> <!-- afterClass -->
      </class> <!-- com.dxcTesting.practiceSelenium.TestCase_Google -->
      <class name="com.dxcTesting.practiceSelenium.TestNGAnnotations2">
        <test-method is-config="true" signature="beforeClass()[pri:0, instance:com.dxcTesting.practiceSelenium.TestNGAnnotations2@42607a4f]" started-at="2020-01-11T01:46:56Z" name="beforeClass" finished-at="2020-01-11T01:46:56Z" duration-ms="0" status="PASS">
          <reporter-output>
          </reporter-output>
        </test-method> <!-- beforeClass -->
        <test-method is-config="true" signature="beforeClass1()[pri:0, instance:com.dxcTesting.practiceSelenium.TestNGAnnotations2@42607a4f]" started-at="2020-01-11T01:46:56Z" name="beforeClass1" finished-at="2020-01-11T01:46:56Z" duration-ms="1" status="PASS">
          <reporter-output>
          </reporter-output>
        </test-method> <!-- beforeClass1 -->
        <test-method is-config="true" signature="beforeMethod1()[pri:0, instance:com.dxcTesting.practiceSelenium.TestNGAnnotations2@42607a4f]" started-at="2020-01-11T01:46:56Z" name="beforeMethod1" finished-at="2020-01-11T01:46:56Z" duration-ms="1" status="PASS">
          <reporter-output>
          </reporter-output>
        </test-method> <!-- beforeMethod1 -->
        <test-method signature="testCase1()[pri:0, instance:com.dxcTesting.practiceSelenium.TestNGAnnotations2@42607a4f]" started-at="2020-01-11T01:46:56Z" name="testCase1" finished-at="2020-01-11T01:46:56Z" duration-ms="0" status="PASS">
          <reporter-output>
          </reporter-output>
        </test-method> <!-- testCase1 -->
        <test-method is-config="true" signature="beforeMethod1()[pri:0, instance:com.dxcTesting.practiceSelenium.TestNGAnnotations2@42607a4f]" started-at="2020-01-11T01:46:56Z" name="beforeMethod1" finished-at="2020-01-11T01:46:56Z" duration-ms="1" status="PASS">
          <reporter-output>
          </reporter-output>
        </test-method> <!-- beforeMethod1 -->
        <test-method is-config="true" signature="afterMethod1()[pri:0, instance:com.dxcTesting.practiceSelenium.TestNGAnnotations2@42607a4f]" started-at="2020-01-11T01:46:56Z" name="afterMethod1" finished-at="2020-01-11T01:46:56Z" duration-ms="0" status="PASS">
          <reporter-output>
          </reporter-output>
        </test-method> <!-- afterMethod1 -->
        <test-method signature="testCase2()[pri:0, instance:com.dxcTesting.practiceSelenium.TestNGAnnotations2@42607a4f]" started-at="2020-01-11T01:46:56Z" name="testCase2" finished-at="2020-01-11T01:46:56Z" duration-ms="1" status="PASS">
          <reporter-output>
          </reporter-output>
        </test-method> <!-- testCase2 -->
        <test-method is-config="true" signature="afterMethod1()[pri:0, instance:com.dxcTesting.practiceSelenium.TestNGAnnotations2@42607a4f]" started-at="2020-01-11T01:46:56Z" name="afterMethod1" finished-at="2020-01-11T01:46:56Z" duration-ms="1" status="PASS">
          <reporter-output>
          </reporter-output>
        </test-method> <!-- afterMethod1 -->
        <test-method is-config="true" signature="afterClass1()[pri:0, instance:com.dxcTesting.practiceSelenium.TestNGAnnotations2@42607a4f]" started-at="2020-01-11T01:46:56Z" name="afterClass1" finished-at="2020-01-11T01:46:56Z" duration-ms="0" status="PASS">
          <reporter-output>
          </reporter-output>
        </test-method> <!-- afterClass1 -->
        <test-method is-config="true" signature="afterClass()[pri:0, instance:com.dxcTesting.practiceSelenium.TestNGAnnotations2@42607a4f]" started-at="2020-01-11T01:46:56Z" name="afterClass" finished-at="2020-01-11T01:46:56Z" duration-ms="0" status="PASS">
          <reporter-output>
          </reporter-output>
        </test-method> <!-- afterClass -->
      </class> <!-- com.dxcTesting.practiceSelenium.TestNGAnnotations2 -->
      <class name="com.dxcTesting.practiceSelenium.TestNG_DataProviders">
        <test-method signature="testDP(java.lang.Integer, java.lang.String)[pri:0, instance:com.dxcTesting.practiceSelenium.TestNG_DataProviders@1990a65e]" started-at="2020-01-11T01:46:56Z" name="testDP" data-provider="data" finished-at="2020-01-11T01:46:56Z" duration-ms="0" status="PASS">
          <params>
            <param index="0">
              <value>
                <![CDATA[1]]>
              </value>
            </param>
            <param index="1">
              <value>
                <![CDATA[one]]>
              </value>
            </param>
          </params>
          <reporter-output>
          </reporter-output>
        </test-method> <!-- testDP -->
        <test-method signature="testDP(java.lang.Integer, java.lang.String)[pri:0, instance:com.dxcTesting.practiceSelenium.TestNG_DataProviders@1990a65e]" started-at="2020-01-11T01:46:56Z" name="testDP" data-provider="data" finished-at="2020-01-11T01:46:56Z" duration-ms="1" status="PASS">
          <params>
            <param index="0">
              <value>
                <![CDATA[2]]>
              </value>
            </param>
            <param index="1">
              <value>
                <![CDATA[two]]>
              </value>
            </param>
          </params>
          <reporter-output>
          </reporter-output>
        </test-method> <!-- testDP -->
        <test-method signature="testDP(java.lang.Integer, java.lang.String)[pri:0, instance:com.dxcTesting.practiceSelenium.TestNG_DataProviders@1990a65e]" started-at="2020-01-11T01:46:56Z" name="testDP" data-provider="data" finished-at="2020-01-11T01:46:56Z" duration-ms="1" status="PASS">
          <params>
            <param index="0">
              <value>
                <![CDATA[3]]>
              </value>
            </param>
            <param index="1">
              <value>
                <![CDATA[three]]>
              </value>
            </param>
          </params>
          <reporter-output>
          </reporter-output>
        </test-method> <!-- testDP -->
      </class> <!-- com.dxcTesting.practiceSelenium.TestNG_DataProviders -->
      <class name="com.dxcTesting.practiceSelenium.TestNGAnnotations1">
        <test-method is-config="true" signature="beforeSuite()[pri:0, instance:com.dxcTesting.practiceSelenium.TestNGAnnotations1@18bf3d14]" started-at="2020-01-11T01:46:27Z" name="beforeSuite" finished-at="2020-01-11T01:46:27Z" duration-ms="17" status="PASS">
          <reporter-output>
          </reporter-output>
        </test-method> <!-- beforeSuite -->
        <test-method is-config="true" signature="beforeTest()[pri:0, instance:com.dxcTesting.practiceSelenium.TestNGAnnotations1@18bf3d14]" started-at="2020-01-11T01:46:27Z" name="beforeTest" finished-at="2020-01-11T01:46:27Z" duration-ms="1" status="PASS">
          <reporter-output>
          </reporter-output>
        </test-method> <!-- beforeTest -->
        <test-method is-config="true" signature="beforeClass()[pri:0, instance:com.dxcTesting.practiceSelenium.TestNGAnnotations1@18bf3d14]" started-at="2020-01-11T01:46:56Z" name="beforeClass" finished-at="2020-01-11T01:46:56Z" duration-ms="1" status="PASS">
          <reporter-output>
          </reporter-output>
        </test-method> <!-- beforeClass -->
        <test-method is-config="true" signature="beforeClass1()[pri:0, instance:com.dxcTesting.practiceSelenium.TestNGAnnotations1@18bf3d14]" started-at="2020-01-11T01:46:56Z" name="beforeClass1" finished-at="2020-01-11T01:46:56Z" duration-ms="1" status="PASS">
          <reporter-output>
          </reporter-output>
        </test-method> <!-- beforeClass1 -->
        <test-method is-config="true" signature="beforeMethod1()[pri:0, instance:com.dxcTesting.practiceSelenium.TestNGAnnotations1@18bf3d14]" started-at="2020-01-11T01:46:56Z" name="beforeMethod1" finished-at="2020-01-11T01:46:56Z" duration-ms="1" status="PASS">
          <reporter-output>
          </reporter-output>
        </test-method> <!-- beforeMethod1 -->
        <test-method signature="testCase1()[pri:0, instance:com.dxcTesting.practiceSelenium.TestNGAnnotations1@18bf3d14]" started-at="2020-01-11T01:46:56Z" name="testCase1" finished-at="2020-01-11T01:46:56Z" duration-ms="1" status="PASS">
          <reporter-output>
          </reporter-output>
        </test-method> <!-- testCase1 -->
        <test-method is-config="true" signature="afterMethod1()[pri:0, instance:com.dxcTesting.practiceSelenium.TestNGAnnotations1@18bf3d14]" started-at="2020-01-11T01:46:56Z" name="afterMethod1" finished-at="2020-01-11T01:46:56Z" duration-ms="0" status="PASS">
          <reporter-output>
          </reporter-output>
        </test-method> <!-- afterMethod1 -->
        <test-method is-config="true" signature="beforeMethod1()[pri:0, instance:com.dxcTesting.practiceSelenium.TestNGAnnotations1@18bf3d14]" started-at="2020-01-11T01:46:56Z" name="beforeMethod1" finished-at="2020-01-11T01:46:56Z" duration-ms="1" status="PASS">
          <reporter-output>
          </reporter-output>
        </test-method> <!-- beforeMethod1 -->
        <test-method signature="testCase2()[pri:0, instance:com.dxcTesting.practiceSelenium.TestNGAnnotations1@18bf3d14]" started-at="2020-01-11T01:46:56Z" name="testCase2" finished-at="2020-01-11T01:46:56Z" duration-ms="0" status="PASS">
          <reporter-output>
          </reporter-output>
        </test-method> <!-- testCase2 -->
        <test-method is-config="true" signature="afterMethod1()[pri:0, instance:com.dxcTesting.practiceSelenium.TestNGAnnotations1@18bf3d14]" started-at="2020-01-11T01:46:56Z" name="afterMethod1" finished-at="2020-01-11T01:46:56Z" duration-ms="0" status="PASS">
          <reporter-output>
          </reporter-output>
        </test-method> <!-- afterMethod1 -->
        <test-method is-config="true" signature="afterClass()[pri:0, instance:com.dxcTesting.practiceSelenium.TestNGAnnotations1@18bf3d14]" started-at="2020-01-11T01:46:56Z" name="afterClass" finished-at="2020-01-11T01:46:56Z" duration-ms="1" status="PASS">
          <reporter-output>
          </reporter-output>
        </test-method> <!-- afterClass -->
        <test-method is-config="true" signature="afterClass1()[pri:0, instance:com.dxcTesting.practiceSelenium.TestNGAnnotations1@18bf3d14]" started-at="2020-01-11T01:46:56Z" name="afterClass1" finished-at="2020-01-11T01:46:56Z" duration-ms="0" status="PASS">
          <reporter-output>
          </reporter-output>
        </test-method> <!-- afterClass1 -->
        <test-method is-config="true" signature="afterTest()[pri:0, instance:com.dxcTesting.practiceSelenium.TestNGAnnotations1@18bf3d14]" started-at="2020-01-11T01:46:56Z" name="afterTest" finished-at="2020-01-11T01:46:56Z" duration-ms="1" status="PASS">
          <reporter-output>
          </reporter-output>
        </test-method> <!-- afterTest -->
        <test-method is-config="true" signature="afterSuite()[pri:0, instance:com.dxcTesting.practiceSelenium.TestNGAnnotations1@18bf3d14]" started-at="2020-01-11T01:46:56Z" name="afterSuite" finished-at="2020-01-11T01:46:56Z" duration-ms="0" status="PASS">
          <reporter-output>
          </reporter-output>
        </test-method> <!-- afterSuite -->
      </class> <!-- com.dxcTesting.practiceSelenium.TestNGAnnotations1 -->
      <class name="com.dxcTesting.practiceSelenium.TestNGTestGrouping">
        <test-method is-config="true" signature="beforeClass()[pri:0, instance:com.dxcTesting.practiceSelenium.TestNGTestGrouping@782663d3]" started-at="2020-01-11T01:46:56Z" name="beforeClass" finished-at="2020-01-11T01:46:56Z" duration-ms="0" status="PASS">
          <reporter-output>
          </reporter-output>
        </test-method> <!-- beforeClass -->
        <test-method signature="AUDIA6()[pri:0, instance:com.dxcTesting.practiceSelenium.TestNGTestGrouping@782663d3]" started-at="2020-01-11T01:46:56Z" name="AUDIA6" finished-at="2020-01-11T01:46:56Z" duration-ms="1" status="PASS">
          <reporter-output>
          </reporter-output>
        </test-method> <!-- AUDIA6 -->
        <test-method signature="AUDIQ5()[pri:0, instance:com.dxcTesting.practiceSelenium.TestNGTestGrouping@782663d3]" started-at="2020-01-11T01:46:56Z" name="AUDIQ5" finished-at="2020-01-11T01:46:56Z" duration-ms="1" status="PASS">
          <reporter-output>
          </reporter-output>
        </test-method> <!-- AUDIQ5 -->
        <test-method signature="HONDACBR()[pri:0, instance:com.dxcTesting.practiceSelenium.TestNGTestGrouping@782663d3]" started-at="2020-01-11T01:46:56Z" name="HONDACBR" finished-at="2020-01-11T01:46:56Z" duration-ms="1" status="PASS">
          <reporter-output>
          </reporter-output>
        </test-method> <!-- HONDACBR -->
        <test-method signature="NINJA()[pri:0, instance:com.dxcTesting.practiceSelenium.TestNGTestGrouping@782663d3]" started-at="2020-01-11T01:46:56Z" name="NINJA" finished-at="2020-01-11T01:46:56Z" duration-ms="1" status="PASS">
          <reporter-output>
          </reporter-output>
        </test-method> <!-- NINJA -->
        <test-method is-config="true" signature="afterClass()[pri:0, instance:com.dxcTesting.practiceSelenium.TestNGTestGrouping@782663d3]" started-at="2020-01-11T01:46:56Z" name="afterClass" finished-at="2020-01-11T01:46:56Z" duration-ms="0" status="PASS">
          <reporter-output>
          </reporter-output>
        </test-method> <!-- afterClass -->
      </class> <!-- com.dxcTesting.practiceSelenium.TestNGTestGrouping -->
    </test> <!-- Command line test -->
  </suite> <!-- Command line suite -->
</testng-results>
