<?xml version="1.0" encoding="UTF-8"?>
<testng-results ignored="2" total="4" passed="2" failed="0" skipped="0">
  <reporter-output>
  </reporter-output>
  <suite started-at="2020-01-10T19:45:37 CST" name="regression suite1" finished-at="2020-01-10T19:45:38 CST" duration-ms="76">
    <groups>
      <group name="bike">
        <method signature="TestNGTestGrouping.HONDACBR()[pri:0, instance:com.dxcTesting.practiceSelenium.TestNGTestGrouping@6ce139a4]" name="HONDACBR" class="com.dxcTesting.practiceSelenium.TestNGTestGrouping"/>
        <method signature="TestNGTestGrouping.NINJA()[pri:0, instance:com.dxcTesting.practiceSelenium.TestNGTestGrouping@6ce139a4]" name="NINJA" class="com.dxcTesting.practiceSelenium.TestNGTestGrouping"/>
      </group> <!-- bike -->
    </groups>
    <test started-at="2020-01-10T19:45:37 CST" name="GroupsDemo" finished-at="2020-01-10T19:45:38 CST" duration-ms="76">
      <class name="com.dxcTesting.practiceSelenium.TestNGTestGrouping">
        <test-method is-config="true" signature="beforeClass()[pri:0, instance:com.dxcTesting.practiceSelenium.TestNGTestGrouping@6ce139a4]" started-at="2020-01-10T19:45:37 CST" name="beforeClass" finished-at="2020-01-10T19:45:38 CST" duration-ms="22" status="PASS">
          <reporter-output>
          </reporter-output>
        </test-method> <!-- beforeClass -->
        <test-method signature="HONDACBR()[pri:0, instance:com.dxcTesting.practiceSelenium.TestNGTestGrouping@6ce139a4]" started-at="2020-01-10T19:45:38 CST" name="HONDACBR" finished-at="2020-01-10T19:45:38 CST" duration-ms="6" status="PASS">
          <reporter-output>
          </reporter-output>
        </test-method> <!-- HONDACBR -->
        <test-method signature="NINJA()[pri:0, instance:com.dxcTesting.practiceSelenium.TestNGTestGrouping@6ce139a4]" started-at="2020-01-10T19:45:38 CST" name="NINJA" finished-at="2020-01-10T19:45:38 CST" duration-ms="1" status="PASS">
          <reporter-output>
          </reporter-output>
        </test-method> <!-- NINJA -->
        <test-method is-config="true" signature="afterClass()[pri:0, instance:com.dxcTesting.practiceSelenium.TestNGTestGrouping@6ce139a4]" started-at="2020-01-10T19:45:38 CST" name="afterClass" finished-at="2020-01-10T19:45:38 CST" duration-ms="1" status="PASS">
          <reporter-output>
          </reporter-output>
        </test-method> <!-- afterClass -->
      </class> <!-- com.dxcTesting.practiceSelenium.TestNGTestGrouping -->
    </test> <!-- GroupsDemo -->
  </suite> <!-- regression suite1 -->
</testng-results>
